Error processing details, in 2022 - Campo gravitatorio.pdf at page 10
**********
a) Deduzca la expresión de la velocidad orbital de un satélite y razone si es verdadera o falsa la
siguiente afirmación: Cuanto mayor sea la masa de un satélite, orbitando a una determinada
altura, más tardará en dar una vuelta completa en su órbita.
b) Se desea colocar un satélite en órbita alrededor de la Tierra de forma que su periodo orbital
sea de 6 horas. Calcule razonadamente: i) ¿A qué altura sobre la superficie debe estar?.
ii) ¿Cuál será su velocidad orbital?.
G=6'67-10 "Nm'kg ?; M, =5'98-10” kg ; R ,. =6370 km
FISICA. 2022. RESERVA 2. EJERCICIO A2
RES OLUCION
M- > M
a) Se aplica la 2* Ley de Newton al satélite: E, =m-a>G fn m Vorbital G
R* R R
2 27R
Falsa. Ya que T ==7 y vemos que la masa del satélite no influye en el periodo.
o orbital
b) i)
Satélite
R
% n
Tierra
292
T- 2"7113I 6-3600 = 27R — = 466560000 = 3f;g%
5'98-10 -
G— '67-107"! — — —
J R J 6'67-10 R R
>R=:/4'71-10 =16.768.989
R=R, +h>h=R-R, =16.768.989 —6.370.000 =10.398.989 m =10.398 km
' —l " 24
V [;M _J6 67-10-598-10% _4
( R 16.768.989
www.emestrada.org
i)
**********
Error processing details, in 2020 - Campo eléctrico y magnético.pdf at page 15
**********
a) Una partícula con carga positiva se encuentra dentro de un campo eléctrico uniforme. I)
¿Aumenta o disminuye su energía potencial eléctrica al moverse en la dirección y sentido del
campo?. ii) ¿Y si se moviera en una dirección perpendicular a dicho campo?. Razone las
respuestas.
b) Una carga de 3-107 C está situada en el origen de un sistema de coordenadas. Una
segunda carga puntual de —4-10”” C se coloca en el punto (0,4) m. Ayudándose de un
esquema, calcule el campo y el potencial eléctrico en el punto (3,0) m.
K=9-10" Nm*C>
FISICA. 2020. SEPTIEMBRE. EJERCICIO 6
RES OLUCION
a) (1)
Sabemos que E =q-V, = La carga positiva se acerca a la zona de las
» — cargas negativas, con lo cual V, va disminuyendo y, por lo tanto, también
. O -
+ - disminuye E ,. V
, -
E
(ii)
Al moverse perpendicularmente al campo eléctrico, el potencial eléctrico
V no varía, es constante, luego, E pe Es CONStante, luego, la partícula se
mueve en una línea equipotencial.
TH
b)
vw.emestrada.org
**********
